This is pdfTeX, Version 3.1415926-1.40.10 (TeX Live 2009/Debian) (format=pdflatex 2011.4.6)  4 JUN 2011 04:32
entering extended mode
 %&-line parsing enabled.
**InformeTPE.tex
(./InformeTPE.tex
LaTeX2e <2009/09/24>
Babel <v3.8l> and hyphenation patterns for english, usenglishmax, dumylang, noh
yphenation, loaded.
(/usr/share/texmf-texlive/tex/latex/base/article.cls
Document Class: article 2007/10/19 v1.4h Standard LaTeX document class
(/usr/share/texmf-texlive/tex/latex/base/size10.clo
File: size10.clo 2007/10/19 v1.4h Standard LaTeX file (size option)
)
\c@part=\count79
\c@section=\count80
\c@subsection=\count81
\c@subsubsection=\count82
\c@paragraph=\count83
\c@subparagraph=\count84
\c@figure=\count85
\c@table=\count86
\abovecaptionskip=\skip41
\belowcaptionskip=\skip42
\bibindent=\dimen102
)
(/usr/share/texmf-texlive/tex/latex/base/inputenc.sty
Package: inputenc 2008/03/30 v1.1d Input encoding file
\inpenc@prehook=\toks14
\inpenc@posthook=\toks15

(/usr/share/texmf-texlive/tex/latex/base/latin1.def
File: latin1.def 2008/03/30 v1.1d Input encoding file
))
(/usr/share/texmf-texlive/tex/latex/base/t1enc.sty
Package: t1enc 1994/06/01 Standard LaTeX package
)
(/usr/share/texmf-texlive/tex/latex/graphics/graphicx.sty
Package: graphicx 1999/02/16 v1.0f Enhanced LaTeX Graphics (DPC,SPQR)

(/usr/share/texmf-texlive/tex/latex/graphics/keyval.sty
Package: keyval 1999/03/16 v1.13 key=value parser (DPC)
\KV@toks@=\toks16
)
(/usr/share/texmf-texlive/tex/latex/graphics/graphics.sty
Package: graphics 2009/02/05 v1.0o Standard LaTeX Graphics (DPC,SPQR)

(/usr/share/texmf-texlive/tex/latex/graphics/trig.sty
Package: trig 1999/03/16 v1.09 sin cos tan (DPC)
)
(/etc/texmf/tex/latex/config/graphics.cfg
File: graphics.cfg 2009/08/28 v1.8 graphics configuration of TeX Live
)
Package graphics Info: Driver file: pdftex.def on input line 91.

(/usr/share/texmf-texlive/tex/latex/pdftex-def/pdftex.def
File: pdftex.def 2010/03/12 v0.04p Graphics/color for pdfTeX
\Gread@gobject=\count87
))
\Gin@req@height=\dimen103
\Gin@req@width=\dimen104
)
(/usr/share/texmf-texlive/tex/latex/tools/multicol.sty
Package: multicol 2008/12/05 v1.6h multicolumn formatting (FMi)
\c@tracingmulticols=\count88
\mult@box=\box26
\multicol@leftmargin=\dimen105
\c@unbalance=\count89
\c@collectmore=\count90
\doublecol@number=\count91
\multicoltolerance=\count92
\multicolpretolerance=\count93
\full@width=\dimen106
\page@free=\dimen107
\premulticols=\dimen108
\postmulticols=\dimen109
\multicolsep=\skip43
\multicolbaselineskip=\skip44
\partial@page=\box27
\last@line=\box28
\mult@rightbox=\box29
\mult@grightbox=\box30
\mult@gfirstbox=\box31
\mult@firstbox=\box32
\@tempa=\box33
\@tempa=\box34
\@tempa=\box35
\@tempa=\box36
\@tempa=\box37
\@tempa=\box38
\@tempa=\box39
\@tempa=\box40
\@tempa=\box41
\@tempa=\box42
\@tempa=\box43
\@tempa=\box44
\@tempa=\box45
\@tempa=\box46
\@tempa=\box47
\@tempa=\box48
\@tempa=\box49
\c@columnbadness=\count94
\c@finalcolumnbadness=\count95
\last@try=\dimen110
\multicolovershoot=\dimen111
\multicolundershoot=\dimen112
\mult@nat@firstbox=\box50
\colbreak@box=\box51
)
(/usr/share/texmf-texlive/tex/latex/fancybox/fancybox.sty
Package: fancybox 2000/09/19 1.3

Style option: `fancybox' v1.3 <2000/09/19> (tvz)
\@fancybox=\box52
\shadowsize=\dimen113
\@Sbox=\box53
\do@VerbBox=\toks17
\the@fancyput=\toks18
\this@fancyput=\toks19
\EndVerbatimTokens=\toks20
\Verbatim@Outfile=\write3
\Verbatim@Infile=\read1
) (/usr/share/texmf-texlive/tex/latex/fancyhdr/fancyhdr.sty
\fancy@headwidth=\skip45
\f@ncyO@elh=\skip46
\f@ncyO@erh=\skip47
\f@ncyO@olh=\skip48
\f@ncyO@orh=\skip49
\f@ncyO@elf=\skip50
\f@ncyO@erf=\skip51
\f@ncyO@olf=\skip52
\f@ncyO@orf=\skip53
)
(/usr/share/texmf-texlive/tex/latex/graphics/color.sty
Package: color 2005/11/14 v1.0j Standard LaTeX Color (DPC)

(/etc/texmf/tex/latex/config/color.cfg
File: color.cfg 2007/01/18 v1.5 color configuration of teTeX/TeXLive
)
Package color Info: Driver file: pdftex.def on input line 130.

(/usr/share/texmf-texlive/tex/latex/graphics/dvipsnam.def
File: dvipsnam.def 1999/02/16 v3.0i Driver-dependant file (DPC,SPQR)
))
(/usr/share/texmf-texlive/tex/latex/listings/listings.sty
\lst@mode=\count96
\lst@gtempboxa=\box54
\lst@token=\toks21
\lst@length=\count97
\lst@currlwidth=\dimen114
\lst@column=\count98
\lst@pos=\count99
\lst@lostspace=\dimen115
\lst@width=\dimen116
\lst@newlines=\count100
\lst@lineno=\count101
\lst@maxwidth=\dimen117

(/usr/share/texmf-texlive/tex/latex/listings/lstmisc.sty
File: lstmisc.sty 2007/02/22 1.4 (Carsten Heinz)
\c@lstnumber=\count102
\lst@skipnumbers=\count103
\lst@framebox=\box55
)
(/usr/share/texmf-texlive/tex/latex/listings/listings.cfg
File: listings.cfg 2007/02/22 1.4 listings configuration
))
Package: listings 2007/02/22 1.4 (Carsten Heinz)


LaTeX Warning: Unused global option(s):
    [14.5pt].

(./InformeTPE.aux

! Package babel Error: You haven't defined the language spanish yet.

See the babel package documentation for explanation.
Type  H <return>  for immediate help.
 ...                                              
                                                  
l.6 \select@language{spanish}
                             
Your command will be ignored, type <return> to proceed

)
\openout1 = `InformeTPE.aux'.

LaTeX Font Info:    Checking defaults for OML/cmm/m/it on input line 16.
LaTeX Font Info:    ... okay on input line 16.
LaTeX Font Info:    Checking defaults for T1/cmr/m/n on input line 16.
LaTeX Font Info:    ... okay on input line 16.
LaTeX Font Info:    Checking defaults for OT1/cmr/m/n on input line 16.
LaTeX Font Info:    ... okay on input line 16.
LaTeX Font Info:    Checking defaults for OMS/cmsy/m/n on input line 16.
LaTeX Font Info:    ... okay on input line 16.
LaTeX Font Info:    Checking defaults for OMX/cmex/m/n on input line 16.
LaTeX Font Info:    ... okay on input line 16.
LaTeX Font Info:    Checking defaults for U/cmr/m/n on input line 16.
LaTeX Font Info:    ... okay on input line 16.
 (/usr/share/texmf/tex/context/base/supp-pdf.mkii
[Loading MPS to PDF converter (version 2006.09.02).]
\scratchcounter=\count104
\scratchdimen=\dimen118
\scratchbox=\box56
\nofMPsegments=\count105
\nofMParguments=\count106
\everyMPshowfont=\toks22
\MPscratchCnt=\count107
\MPscratchDim=\dimen119
\MPnumerator=\count108
\everyMPtoPDFconversion=\toks23
)
\c@lstlisting=\count109

! Missing $ inserted.
<inserted text> 
                $
l.18 \maketitle
               
I've inserted a begin-math/end-math symbol since I think
you left one out. Proceed, with fingers crossed.

LaTeX Font Info:    External font `cmex10' loaded for size
(Font)              <24.88> on input line 18.
LaTeX Font Info:    External font `cmex10' loaded for size
(Font)              <20.74> on input line 18.
LaTeX Font Info:    External font `cmex10' loaded for size
(Font)              <17.28> on input line 18.
! Extra }, or forgotten $.
\maththreesuperior ->{^3}
                         
l.18 \maketitle
               
I've deleted a group-closing symbol because it seems to be
spurious, as in `$x}$'. But perhaps the } is legitimate and
you forgot something else, as in `\hbox{$x}'. In such cases
the way to recover is to insert both the forgotten and the
deleted material, e.g., by typing `I$}'.


! LaTeX Error: There's no line here to end.

See the LaTeX manual or LaTeX Companion for explanation.
Type  H <return>  for immediate help.
 ...                                              
                                                  
l.18 \maketitle
               
Your command was ignored.
Type  I <command> <return>  to replace it with another command,
or  <return>  to continue without it.

! Missing $ inserted.
<inserted text> 
                $
l.18 \maketitle
               
I've inserted a begin-math/end-math symbol since I think
you left one out. Proceed, with fingers crossed.

! Missing } inserted.
<inserted text> 
                }
l.18 \maketitle
               
I've inserted something that you may have forgotten.
(See the <inserted text> above.)
With luck, this will get me unwedged. But if you
really didn't forget anything, try typing `2' now; then
my insertion and my current dilemma will both disappear.


Overfull \hbox (4.6527pt too wide) in paragraph at lines 18--18
 \T1/cmr/m/n/24.88 Programaci√$[]\OML/cmm/m/it/24.88 norientadaaobjetos[]$ 
 []

LaTeX Font Info:    External font `cmex10' loaded for size
(Font)              <12> on input line 18.
LaTeX Font Info:    External font `cmex10' loaded for size
(Font)              <8> on input line 18.
LaTeX Font Info:    External font `cmex10' loaded for size
(Font)              <6> on input line 18.

LaTeX Warning: No \author given.

[1

{/var/lib/texmf/fonts/map/pdftex/updmap/pdftex.map}]
! Missing $ inserted.
<inserted text> 
                $
l.29 ...s del dise√±o e implementaci√≥n del juego}
                                                  
I've inserted a begin-math/end-math symbol since I think
you left one out. Proceed, with fingers crossed.

LaTeX Font Info:    External font `cmex10' loaded for size
(Font)              <14.4> on input line 29.
LaTeX Font Info:    External font `cmex10' loaded for size
(Font)              <7> on input line 29.

LaTeX Warning: Command \~ invalid in math mode on input line 29.

! Missing $ inserted.
<inserted text> 
                $
l.29 ...s del dise√±o e implementaci√≥n del juego}
                                                  
I've inserted a begin-math/end-math symbol since I think
you left one out. Proceed, with fingers crossed.

Missing character: There is no √ in font cmr12!

Overfull \hbox (104.95583pt too wide) in paragraph at lines 29--29
[]\T1/cmr/bx/n/14.4 Desarrollo y jus-ti-fi-ca-ciones del dise√$\OMS/cmsy/m/n/14
.4 ^^F\OML/cmm/m/it/14.4 oeimplementaci[]ndeljuego$ 
 []

! Missing $ inserted.
<inserted text> 
                $
l.30 Cuando comenzamos a hablar sobre el dise√±
                                               o surgieron varias ideas, a p...
I've inserted a begin-math/end-math symbol since I think
you left one out. Proceed, with fingers crossed.


LaTeX Warning: Command \~ invalid in math mode on input line 31.


LaTeX Warning: Command \^ invalid in math mode on input line 33.


! Package inputenc Error: Keyboard character used is undefined
(inputenc)                in inputencoding `latin1'.

See the inputenc package documentation for explanation.
Type  H <return>  for immediate help.
 ...                                              
                                                  
l.33 jugadores, estas dos clases heredan de ‚Ä
                                              úCharacter‚Äù; la cual es una ...

You need to provide a definition with \DeclareInputText 
or \DeclareInputMath before using this key.


! Package inputenc Error: Keyboard character used is undefined
(inputenc)                in inputencoding `latin1'.

See the inputenc package documentation for explanation.
Type  H <return>  for immediate help.
 ...                                              
                                                  
l.33 jugadores, estas dos clases heredan de ‚Äú
                                               Character‚Äù; la cual es una ...

You need to provide a definition with \DeclareInputText 
or \DeclareInputMath before using this key.


LaTeX Warning: Command \^ invalid in math mode on input line 33.


! Package inputenc Error: Keyboard character used is undefined
(inputenc)                in inputencoding `latin1'.

See the inputenc package documentation for explanation.
Type  H <return>  for immediate help.
 ...                                              
                                                  
l.33 ...estas dos clases heredan de ‚ÄúCharacter‚Ä
                                                  ù; la cual es una clase
You need to provide a definition with \DeclareInputText 
or \DeclareInputMath before using this key.


! Package inputenc Error: Keyboard character used is undefined
(inputenc)                in inputencoding `latin1'.

See the inputenc package documentation for explanation.
Type  H <return>  for immediate help.
 ...                                              
                                                  
l.33 ...stas dos clases heredan de ‚ÄúCharacter‚Äù
                                                  ; la cual es una clase
You need to provide a definition with \DeclareInputText 
or \DeclareInputMath before using this key.


LaTeX Warning: Command \^ invalid in math mode on input line 37.


! Package inputenc Error: Keyboard character used is undefined
(inputenc)                in inputencoding `latin1'.

See the inputenc package documentation for explanation.
Type  H <return>  for immediate help.
 ...                                              
                                                  
l.37 Se creo la interfase ‚Ä
                            úPutable‚Äù lo que nos permite tratar a todas
You need to provide a definition with \DeclareInputText 
or \DeclareInputMath before using this key.


! Package inputenc Error: Keyboard character used is undefined
(inputenc)                in inputencoding `latin1'.

See the inputenc package documentation for explanation.
Type  H <return>  for immediate help.
 ...                                              
                                                  
l.37 Se creo la interfase ‚Äú
                             Putable‚Äù lo que nos permite tratar a todas
You need to provide a definition with \DeclareInputText 
or \DeclareInputMath before using this key.


LaTeX Warning: Command \^ invalid in math mode on input line 37.


! Package inputenc Error: Keyboard character used is undefined
(inputenc)                in inputencoding `latin1'.

See the inputenc package documentation for explanation.
Type  H <return>  for immediate help.
 ...                                              
                                                  
l.37 Se creo la interfase ‚ÄúPutable‚Ä
                                      ù lo que nos permite tratar a todas
You need to provide a definition with \DeclareInputText 
or \DeclareInputMath before using this key.


! Package inputenc Error: Keyboard character used is undefined
(inputenc)                in inputencoding `latin1'.

See the inputenc package documentation for explanation.
Type  H <return>  for immediate help.
 ...                                              
                                                  
l.37 Se creo la interfase ‚ÄúPutable‚Äù
                                        lo que nos permite tratar a todas
You need to provide a definition with \DeclareInputText 
or \DeclareInputMath before using this key.


LaTeX Warning: Command \~ invalid in math mode on input line 39.

LaTeX Font Info:    Try loading font information for OMS+cmr on input line 39.
(/usr/share/texmf-texlive/tex/latex/base/omscmr.fd
File: omscmr.fd 1999/05/25 v2.5h Standard LaTeX font definitions
)
LaTeX Font Info:    Font shape `OMS/cmr/m/n' in size <12> not available
(Font)              Font shape `OMS/cmsy/m/n' tried instead on input line 39.


LaTeX Warning: Command \^ invalid in math mode on input line 40.


! Package inputenc Error: Keyboard character used is undefined
(inputenc)                in inputencoding `latin1'.

See the inputenc package documentation for explanation.
Type  H <return>  for immediate help.
 ...                                              
                                                  
l.40  la cual tiene una variable de instancia ‚Ä
                                                úisVisible‚Äù y los getters y
You need to provide a definition with \DeclareInputText 
or \DeclareInputMath before using this key.


! Package inputenc Error: Keyboard character used is undefined
(inputenc)                in inputencoding `latin1'.

See the inputenc package documentation for explanation.
Type  H <return>  for immediate help.
 ...                                              
                                                  
l.40  la cual tiene una variable de instancia ‚Äú
                                                 isVisible‚Äù y los getters y
You need to provide a definition with \DeclareInputText 
or \DeclareInputMath before using this key.


LaTeX Warning: Command \^ invalid in math mode on input line 40.


! Package inputenc Error: Keyboard character used is undefined
(inputenc)                in inputencoding `latin1'.

See the inputenc package documentation for explanation.
Type  H <return>  for immediate help.
 ...                                              
                                                  
l.40 ...e una variable de instancia ‚ÄúisVisible‚Ä
                                                  ù y los getters y
You need to provide a definition with \DeclareInputText 
or \DeclareInputMath before using this key.


! Package inputenc Error: Keyboard character used is undefined
(inputenc)                in inputencoding `latin1'.

See the inputenc package documentation for explanation.
Type  H <return>  for immediate help.
 ...                                              
                                                  
l.40 ... una variable de instancia ‚ÄúisVisible‚Äù
                                                   y los getters y
You need to provide a definition with \DeclareInputText 
or \DeclareInputMath before using this key.


LaTeX Warning: Command \^ invalid in math mode on input line 54.


! Package inputenc Error: Keyboard character used is undefined
(inputenc)                in inputencoding `latin1'.

See the inputenc package documentation for explanation.
Type  H <return>  for immediate help.
 ...                                              
                                                  
l.54 El front se basa en los metodos del ‚Ä
                                           úDungeonGameListener‚Äù, lo cuale...

You need to provide a definition with \DeclareInputText 
or \DeclareInputMath before using this key.


! Package inputenc Error: Keyboard character used is undefined
(inputenc)                in inputencoding `latin1'.

See the inputenc package documentation for explanation.
Type  H <return>  for immediate help.
 ...                                              
                                                  
l.54 El front se basa en los metodos del ‚Äú
                                            DungeonGameListener‚Äù, lo cuale...

You need to provide a definition with \DeclareInputText 
or \DeclareInputMath before using this key.


LaTeX Warning: Command \^ invalid in math mode on input line 54.


! Package inputenc Error: Keyboard character used is undefined
(inputenc)                in inputencoding `latin1'.

See the inputenc package documentation for explanation.
Type  H <return>  for immediate help.
 ...                                              
                                                  
l.54 ...n los metodos del ‚ÄúDungeonGameListener‚Ä
                                                  ù, lo cuales son implement...

You need to provide a definition with \DeclareInputText 
or \DeclareInputMath before using this key.


! Package inputenc Error: Keyboard character used is undefined
(inputenc)                in inputencoding `latin1'.

See the inputenc package documentation for explanation.
Type  H <return>  for immediate help.
 ...                                              
                                                  
l.54 ... los metodos del ‚ÄúDungeonGameListener‚Äù
                                                  , lo cuales son implementados

You need to provide a definition with \DeclareInputText 
or \DeclareInputMath before using this key.


LaTeX Warning: Command \^ invalid in math mode on input line 55.


! Package inputenc Error: Keyboard character used is undefined
(inputenc)                in inputencoding `latin1'.

See the inputenc package documentation for explanation.
Type  H <return>  for immediate help.
 ...                                              
                                                  
l.55 en ‚Ä
          úDungeonGameFrame‚Äù en una clase inner privada ‚ÄúDungeonGameList...

You need to provide a definition with \DeclareInputText 
or \DeclareInputMath before using this key.


! Package inputenc Error: Keyboard character used is undefined
(inputenc)                in inputencoding `latin1'.

See the inputenc package documentation for explanation.
Type  H <return>  for immediate help.
 ...                                              
                                                  
l.55 en ‚Äú
           DungeonGameFrame‚Äù en una clase inner privada ‚ÄúDungeonGameList...

You need to provide a definition with \DeclareInputText 
or \DeclareInputMath before using this key.


LaTeX Warning: Command \^ invalid in math mode on input line 55.


! Package inputenc Error: Keyboard character used is undefined
(inputenc)                in inputencoding `latin1'.

See the inputenc package documentation for explanation.
Type  H <return>  for immediate help.
 ...                                              
                                                  
l.55 en ‚ÄúDungeonGameFrame‚Ä
                             ù en una clase inner privada ‚ÄúDungeonGameList...

You need to provide a definition with \DeclareInputText 
or \DeclareInputMath before using this key.


! Package inputenc Error: Keyboard character used is undefined
(inputenc)                in inputencoding `latin1'.

See the inputenc package documentation for explanation.
Type  H <return>  for immediate help.
 ...                                              
                                                  
l.55 en ‚ÄúDungeonGameFrame‚Äù
                               en una clase inner privada ‚ÄúDungeonGameList...

You need to provide a definition with \DeclareInputText 
or \DeclareInputMath before using this key.


LaTeX Warning: Command \^ invalid in math mode on input line 55.


! Package inputenc Error: Keyboard character used is undefined
(inputenc)                in inputencoding `latin1'.

See the inputenc package documentation for explanation.
Type  H <return>  for immediate help.
 ...                                              
                                                  
l.55 ...GameFrame‚Äù en una clase inner privada ‚Ä
                                                  úDungeonGameListenerImp‚Äù...

You need to provide a definition with \DeclareInputText 
or \DeclareInputMath before using this key.


! Package inputenc Error: Keyboard character used is undefined
(inputenc)                in inputencoding `latin1'.

See the inputenc package documentation for explanation.
Type  H <return>  for immediate help.
 ...                                              
                                                  
l.55 ...ameFrame‚Äù en una clase inner privada ‚Äú
                                                  DungeonGameListenerImp‚Äù....

You need to provide a definition with \DeclareInputText 
or \DeclareInputMath before using this key.


LaTeX Warning: Command \^ invalid in math mode on input line 55.


! Package inputenc Error: Keyboard character used is undefined
(inputenc)                in inputencoding `latin1'.

See the inputenc package documentation for explanation.
Type  H <return>  for immediate help.
 ...                                              
                                                  
l.55 ... inner privada ‚ÄúDungeonGameListenerImp‚Ä
                                                  ù. ‚ÄúDungeonGameFrame‚Äù
You need to provide a definition with \DeclareInputText 
or \DeclareInputMath before using this key.


! Package inputenc Error: Keyboard character used is undefined
(inputenc)                in inputencoding `latin1'.

See the inputenc package documentation for explanation.
Type  H <return>  for immediate help.
 ...                                              
                                                  
l.55 ...inner privada ‚ÄúDungeonGameListenerImp‚Äù
                                                  . ‚ÄúDungeonGameFrame‚Äù
You need to provide a definition with \DeclareInputText 
or \DeclareInputMath before using this key.


LaTeX Warning: Command \^ invalid in math mode on input line 55.


! Package inputenc Error: Keyboard character used is undefined
(inputenc)                in inputencoding `latin1'.

See the inputenc package documentation for explanation.
Type  H <return>  for immediate help.
 ...                                              
                                                  
l.55 ...r privada ‚ÄúDungeonGameListenerImp‚Äù. ‚Ä
                                                  úDungeonGameFrame‚Äù
You need to provide a definition with \DeclareInputText 
or \DeclareInputMath before using this key.


! Package inputenc Error: Keyboard character used is undefined
(inputenc)                in inputencoding `latin1'.

See the inputenc package documentation for explanation.
Type  H <return>  for immediate help.
 ...                                              
                                                  
l.55 ... privada ‚ÄúDungeonGameListenerImp‚Äù. ‚Äú
                                                  DungeonGameFrame‚Äù
You need to provide a definition with \DeclareInputText 
or \DeclareInputMath before using this key.


LaTeX Warning: Command \^ invalid in math mode on input line 55.


! Package inputenc Error: Keyboard character used is undefined
(inputenc)                in inputencoding `latin1'.

See the inputenc package documentation for explanation.
Type  H <return>  for immediate help.
 ...                                              
                                                  
l.55 ...nGameListenerImp‚Äù. ‚ÄúDungeonGameFrame‚Ä
                                                  ù
You need to provide a definition with \DeclareInputText 
or \DeclareInputMath before using this key.


! Package inputenc Error: Keyboard character used is undefined
(inputenc)                in inputencoding `latin1'.

See the inputenc package documentation for explanation.
Type  H <return>  for immediate help.
 ...                                              
                                                  
l.55 ...GameListenerImp‚Äù. ‚ÄúDungeonGameFrame‚Äù
                                                  
You need to provide a definition with \DeclareInputText 
or \DeclareInputMath before using this key.


LaTeX Warning: Command \^ invalid in math mode on input line 56.


! Package inputenc Error: Keyboard character used is undefined
(inputenc)                in inputencoding `latin1'.

See the inputenc package documentation for explanation.
Type  H <return>  for immediate help.
 ...                                              
                                                  
l.56 hereda de ‚Ä
                 úGrameFrame‚Äù, una clase abstracta que podria utilizarse p...

You need to provide a definition with \DeclareInputText 
or \DeclareInputMath before using this key.


! Package inputenc Error: Keyboard character used is undefined
(inputenc)                in inputencoding `latin1'.

See the inputenc package documentation for explanation.
Type  H <return>  for immediate help.
 ...                                              
                                                  
l.56 hereda de ‚Äú
                  GrameFrame‚Äù, una clase abstracta que podria utilizarse p...

You need to provide a definition with \DeclareInputText 
or \DeclareInputMath before using this key.


LaTeX Warning: Command \^ invalid in math mode on input line 56.


! Package inputenc Error: Keyboard character used is undefined
(inputenc)                in inputencoding `latin1'.

See the inputenc package documentation for explanation.
Type  H <return>  for immediate help.
 ...                                              
                                                  
l.56 hereda de ‚ÄúGrameFrame‚Ä
                              ù, una clase abstracta que podria utilizarse p...

You need to provide a definition with \DeclareInputText 
or \DeclareInputMath before using this key.


! Package inputenc Error: Keyboard character used is undefined
(inputenc)                in inputencoding `latin1'.

See the inputenc package documentation for explanation.
Type  H <return>  for immediate help.
 ...                                              
                                                  
l.56 hereda de ‚ÄúGrameFrame‚Äù
                               , una clase abstracta que podria utilizarse p...

You need to provide a definition with \DeclareInputText 
or \DeclareInputMath before using this key.


LaTeX Warning: Command \^ invalid in math mode on input line 57.


! Package inputenc Error: Keyboard character used is undefined
(inputenc)                in inputencoding `latin1'.

See the inputenc package documentation for explanation.
Type  H <return>  for immediate help.
 ...                                              
                                                  
l.57 juegos. ‚Ä
               úDungeonGameFrame‚Äù contiene una instancia de un ‚ÄúDataPane...

You need to provide a definition with \DeclareInputText 
or \DeclareInputMath before using this key.


! Package inputenc Error: Keyboard character used is undefined
(inputenc)                in inputencoding `latin1'.

See the inputenc package documentation for explanation.
Type  H <return>  for immediate help.
 ...                                              
                                                  
l.57 juegos. ‚Äú
                DungeonGameFrame‚Äù contiene una instancia de un ‚ÄúDataPane...

You need to provide a definition with \DeclareInputText 
or \DeclareInputMath before using this key.


LaTeX Warning: Command \^ invalid in math mode on input line 57.


! Package inputenc Error: Keyboard character used is undefined
(inputenc)                in inputencoding `latin1'.

See the inputenc package documentation for explanation.
Type  H <return>  for immediate help.
 ...                                              
                                                  
l.57 juegos. ‚ÄúDungeonGameFrame‚Ä
                                  ù contiene una instancia de un ‚ÄúDataPane...

You need to provide a definition with \DeclareInputText 
or \DeclareInputMath before using this key.


! Package inputenc Error: Keyboard character used is undefined
(inputenc)                in inputencoding `latin1'.

See the inputenc package documentation for explanation.
Type  H <return>  for immediate help.
 ...                                              
                                                  
l.57 juegos. ‚ÄúDungeonGameFrame‚Äù
                                    contiene una instancia de un ‚ÄúDataPane...

You need to provide a definition with \DeclareInputText 
or \DeclareInputMath before using this key.


LaTeX Warning: Command \^ invalid in math mode on input line 57.


! Package inputenc Error: Keyboard character used is undefined
(inputenc)                in inputencoding `latin1'.

See the inputenc package documentation for explanation.
Type  H <return>  for immediate help.
 ...                                              
                                                  
l.57 ...meFrame‚Äù contiene una instancia de un ‚Ä
                                                  úDataPanel‚Äù y una de ‚Äú...

You need to provide a definition with \DeclareInputText 
or \DeclareInputMath before using this key.


! Package inputenc Error: Keyboard character used is undefined
(inputenc)                in inputencoding `latin1'.

See the inputenc package documentation for explanation.
Type  H <return>  for immediate help.
 ...                                              
                                                  
l.57 ...eFrame‚Äù contiene una instancia de un ‚Äú
                                                  DataPanel‚Äù y una de ‚ÄúD...

You need to provide a definition with \DeclareInputText 
or \DeclareInputMath before using this key.


LaTeX Warning: Command \^ invalid in math mode on input line 57.


! Package inputenc Error: Keyboard character used is undefined
(inputenc)                in inputencoding `latin1'.

See the inputenc package documentation for explanation.
Type  H <return>  for immediate help.
 ...                                              
                                                  
l.57 ...ontiene una instancia de un ‚ÄúDataPanel‚Ä
                                                  ù y una de ‚ÄúDungeonPanel...

You need to provide a definition with \DeclareInputText 
or \DeclareInputMath before using this key.


! Package inputenc Error: Keyboard character used is undefined
(inputenc)                in inputencoding `latin1'.

See the inputenc package documentation for explanation.
Type  H <return>  for immediate help.
 ...                                              
                                                  
l.57 ...ntiene una instancia de un ‚ÄúDataPanel‚Äù
                                                   y una de ‚ÄúDungeonPanel‚...

You need to provide a definition with \DeclareInputText 
or \DeclareInputMath before using this key.


LaTeX Warning: Command \^ invalid in math mode on input line 57.


! Package inputenc Error: Keyboard character used is undefined
(inputenc)                in inputencoding `latin1'.

See the inputenc package documentation for explanation.
Type  H <return>  for immediate help.
 ...                                              
                                                  
l.57 ...nstancia de un ‚ÄúDataPanel‚Äù y una de ‚Ä
                                                  úDungeonPanel‚Äù. Solo el
You need to provide a definition with \DeclareInputText 
or \DeclareInputMath before using this key.


! Package inputenc Error: Keyboard character used is undefined
(inputenc)                in inputencoding `latin1'.

See the inputenc package documentation for explanation.
Type  H <return>  for immediate help.
 ...                                              
                                                  
l.57 ...stancia de un ‚ÄúDataPanel‚Äù y una de ‚Äú
                                                  DungeonPanel‚Äù. Solo el
You need to provide a definition with \DeclareInputText 
or \DeclareInputMath before using this key.


LaTeX Warning: Command \^ invalid in math mode on input line 57.


! Package inputenc Error: Keyboard character used is undefined
(inputenc)                in inputencoding `latin1'.

See the inputenc package documentation for explanation.
Type  H <return>  for immediate help.
 ...                                              
                                                  
l.57 ...‚ÄúDataPanel‚Äù y una de ‚ÄúDungeonPanel‚Ä
                                                  ù. Solo el
You need to provide a definition with \DeclareInputText 
or \DeclareInputMath before using this key.


! Package inputenc Error: Keyboard character used is undefined
(inputenc)                in inputencoding `latin1'.

See the inputenc package documentation for explanation.
Type  H <return>  for immediate help.
 ...                                              
                                                  
l.57 ...ÄúDataPanel‚Äù y una de ‚ÄúDungeonPanel‚Äù
                                                  . Solo el
You need to provide a definition with \DeclareInputText 
or \DeclareInputMath before using this key.


LaTeX Warning: Command \^ invalid in math mode on input line 58.


! Package inputenc Error: Keyboard character used is undefined
(inputenc)                in inputencoding `latin1'.

See the inputenc package documentation for explanation.
Type  H <return>  for immediate help.
 ...                                              
                                                  
l.58 Dungeon Panel‚Ä
                    ù hereda de la clase ‚ÄúGamePanel‚Äù otorgada por la cat...

You need to provide a definition with \DeclareInputText 
or \DeclareInputMath before using this key.


! Package inputenc Error: Keyboard character used is undefined
(inputenc)                in inputencoding `latin1'.

See the inputenc package documentation for explanation.
Type  H <return>  for immediate help.
 ...                                              
                                                  
l.58 Dungeon Panel‚Äù
                      hereda de la clase ‚ÄúGamePanel‚Äù otorgada por la cat...

You need to provide a definition with \DeclareInputText 
or \DeclareInputMath before using this key.


LaTeX Warning: Command \^ invalid in math mode on input line 58.


! Package inputenc Error: Keyboard character used is undefined
(inputenc)                in inputencoding `latin1'.

See the inputenc package documentation for explanation.
Type  H <return>  for immediate help.
 ...                                              
                                                  
l.58 Dungeon Panel‚Äù hereda de la clase ‚Ä
                                           úGamePanel‚Äù otorgada por la cat...

You need to provide a definition with \DeclareInputText 
or \DeclareInputMath before using this key.


! Package inputenc Error: Keyboard character used is undefined
(inputenc)                in inputencoding `latin1'.

See the inputenc package documentation for explanation.
Type  H <return>  for immediate help.
 ...                                              
                                                  
l.58 Dungeon Panel‚Äù hereda de la clase ‚Äú
                                            GamePanel‚Äù otorgada por la cat...

You need to provide a definition with \DeclareInputText 
or \DeclareInputMath before using this key.


LaTeX Warning: Command \^ invalid in math mode on input line 58.


! Package inputenc Error: Keyboard character used is undefined
(inputenc)                in inputencoding `latin1'.

See the inputenc package documentation for explanation.
Type  H <return>  for immediate help.
 ...                                              
                                                  
l.58 ...Panel‚Äù hereda de la clase ‚ÄúGamePanel‚Ä
                                                  ù otorgada por la catedra....

You need to provide a definition with \DeclareInputText 
or \DeclareInputMath before using this key.


! Package inputenc Error: Keyboard character used is undefined
(inputenc)                in inputencoding `latin1'.

See the inputenc package documentation for explanation.
Type  H <return>  for immediate help.
 ...                                              
                                                  
l.58 ...anel‚Äù hereda de la clase ‚ÄúGamePanel‚Äù
                                                   otorgada por la catedra. ...

You need to provide a definition with \DeclareInputText 
or \DeclareInputMath before using this key.


LaTeX Warning: Command \^ invalid in math mode on input line 60.


! Package inputenc Error: Keyboard character used is undefined
(inputenc)                in inputencoding `latin1'.

See the inputenc package documentation for explanation.
Type  H <return>  for immediate help.
 ...                                              
                                                  
l.60 creo una clase inner a ‚Ä
                              úDungeonGameFrame‚Äù llamada ‚ÄúDungeonPanelLi...

You need to provide a definition with \DeclareInputText 
or \DeclareInputMath before using this key.


! Package inputenc Error: Keyboard character used is undefined
(inputenc)                in inputencoding `latin1'.

See the inputenc package documentation for explanation.
Type  H <return>  for immediate help.
 ...                                              
                                                  
l.60 creo una clase inner a ‚Äú
                               DungeonGameFrame‚Äù llamada ‚ÄúDungeonPanelLi...

You need to provide a definition with \DeclareInputText 
or \DeclareInputMath before using this key.


LaTeX Warning: Command \^ invalid in math mode on input line 60.


! Package inputenc Error: Keyboard character used is undefined
(inputenc)                in inputencoding `latin1'.

See the inputenc package documentation for explanation.
Type  H <return>  for immediate help.
 ...                                              
                                                  
l.60 creo una clase inner a ‚ÄúDungeonGameFrame‚Ä
                                                 ù llamada ‚ÄúDungeonPanelLi...

You need to provide a definition with \DeclareInputText 
or \DeclareInputMath before using this key.


! Package inputenc Error: Keyboard character used is undefined
(inputenc)                in inputencoding `latin1'.

See the inputenc package documentation for explanation.
Type  H <return>  for immediate help.
 ...                                              
                                                  
l.60 creo una clase inner a ‚ÄúDungeonGameFrame‚Äù
                                                   llamada ‚ÄúDungeonPanelLi...

You need to provide a definition with \DeclareInputText 
or \DeclareInputMath before using this key.


LaTeX Warning: Command \^ invalid in math mode on input line 60.


! Package inputenc Error: Keyboard character used is undefined
(inputenc)                in inputencoding `latin1'.

See the inputenc package documentation for explanation.
Type  H <return>  for immediate help.
 ...                                              
                                                  
l.60 ... inner a ‚ÄúDungeonGameFrame‚Äù llamada ‚Ä
                                                  úDungeonPanelListener‚Äù, ...

You need to provide a definition with \DeclareInputText 
or \DeclareInputMath before using this key.


! Package inputenc Error: Keyboard character used is undefined
(inputenc)                in inputencoding `latin1'.

See the inputenc package documentation for explanation.
Type  H <return>  for immediate help.
 ...                                              
                                                  
l.60 ...inner a ‚ÄúDungeonGameFrame‚Äù llamada ‚Äú
                                                  DungeonPanelListener‚Äù, e...

You need to provide a definition with \DeclareInputText 
or \DeclareInputMath before using this key.


LaTeX Warning: Command \^ invalid in math mode on input line 60.


! Package inputenc Error: Keyboard character used is undefined
(inputenc)                in inputencoding `latin1'.

See the inputenc package documentation for explanation.
Type  H <return>  for immediate help.
 ...                                              
                                                  
l.60 ...Frame‚Äù llamada ‚ÄúDungeonPanelListener‚Ä
                                                  ù, en la cual se aplican l...

You need to provide a definition with \DeclareInputText 
or \DeclareInputMath before using this key.


! Package inputenc Error: Keyboard character used is undefined
(inputenc)                in inputencoding `latin1'.

See the inputenc package documentation for explanation.
Type  H <return>  for immediate help.
 ...                                              
                                                  
l.60 ...rame‚Äù llamada ‚ÄúDungeonPanelListener‚Äù
                                                  , en la cual se aplican lo...

You need to provide a definition with \DeclareInputText 
or \DeclareInputMath before using this key.


LaTeX Warning: Command \^ invalid in math mode on input line 63.


! Package inputenc Error: Keyboard character used is undefined
(inputenc)                in inputencoding `latin1'.

See the inputenc package documentation for explanation.
Type  H <return>  for immediate help.
 ...                                              
                                                  
l.63 ...a que debia ser una cualidad del juego, ‚Ä
                                                  úel juego
You need to provide a definition with \DeclareInputText 
or \DeclareInputMath before using this key.


! Package inputenc Error: Keyboard character used is undefined
(inputenc)                in inputencoding `latin1'.

See the inputenc package documentation for explanation.
Type  H <return>  for immediate help.
 ...                                              
                                                  
l.63 ... que debia ser una cualidad del juego, ‚Äú
                                                  el juego
You need to provide a definition with \DeclareInputText 
or \DeclareInputMath before using this key.


LaTeX Warning: Command \^ invalid in math mode on input line 64.


! Package inputenc Error: Keyboard character used is undefined
(inputenc)                in inputencoding `latin1'.

See the inputenc package documentation for explanation.
Type  H <return>  for immediate help.
 ...                                              
                                                  
l.64 sabe guardarse y cargarse‚Ä
                                ù, pero luego descubrimos que si no era una ...

You need to provide a definition with \DeclareInputText 
or \DeclareInputMath before using this key.


! Package inputenc Error: Keyboard character used is undefined
(inputenc)                in inputencoding `latin1'.

See the inputenc package documentation for explanation.
Type  H <return>  for immediate help.
 ...                                              
                                                  
l.64 sabe guardarse y cargarse‚Äù
                                 , pero luego descubrimos que si no era una ...

You need to provide a definition with \DeclareInputText 
or \DeclareInputMath before using this key.


LaTeX Warning: Command \^ invalid in math mode on input line 64.


! Package inputenc Error: Keyboard character used is undefined
(inputenc)                in inputencoding `latin1'.

See the inputenc package documentation for explanation.
Type  H <return>  for immediate help.
 ...                                              
                                                  
l.64 ...ero luego descubrimos que si no era una ‚Ä
                                                  úcualidad‚Äù del juego pod...

You need to provide a definition with \DeclareInputText 
or \DeclareInputMath before using this key.


! Package inputenc Error: Keyboard character used is undefined
(inputenc)                in inputencoding `latin1'.

See the inputenc package documentation for explanation.
Type  H <return>  for immediate help.
 ...                                              
                                                  
l.64 ...ro luego descubrimos que si no era una ‚Äú
                                                  cualidad‚Äù del juego podr...

You need to provide a definition with \DeclareInputText 
or \DeclareInputMath before using this key.


LaTeX Warning: Command \^ invalid in math mode on input line 64.


! Package inputenc Error: Keyboard character used is undefined
(inputenc)                in inputencoding `latin1'.

See the inputenc package documentation for explanation.
Type  H <return>  for immediate help.
 ...                                              
                                                  
l.64 ...escubrimos que si no era una ‚Äúcualidad‚Ä
                                                  ù del juego podria modular...

You need to provide a definition with \DeclareInputText 
or \DeclareInputMath before using this key.


! Package inputenc Error: Keyboard character used is undefined
(inputenc)                in inputencoding `latin1'.

See the inputenc package documentation for explanation.
Type  H <return>  for immediate help.
 ...                                              
                                                  
l.64 ...scubrimos que si no era una ‚Äúcualidad‚Äù
                                                   del juego podria modulari...

You need to provide a definition with \DeclareInputText 
or \DeclareInputMath before using this key.

! Missing $ inserted.
<inserted text> 
                $
l.67 
     
I've inserted a begin-math/end-math symbol since I think
you left one out. Proceed, with fingers crossed.

Missing character: There is no √ in font cmr12!
Missing character: There is no ‚ in font cmr12!
Missing character: There is no ‚ in font cmr12!
Missing character: There is no ‚ in font cmr12!
Missing character: There is no ‚ in font cmr12!
Missing character: There is no √ in font cmr12!
Missing character: There is no ‚ in font cmr12!
Missing character: There is no ‚ in font cmr12!
Missing character: There is no ‚ in font cmr12!
Missing character: There is no ‚ in font cmr12!
Missing character: There is no ‚ in font cmr12!
Missing character: There is no ‚ in font cmr12!
Missing character: There is no ‚ in font cmr12!
Missing character: There is no ‚ in font cmr12!
Missing character: There is no ‚ in font cmr12!
Missing character: There is no ‚ in font cmr12!
Missing character: There is no ‚ in font cmr12!
Missing character: There is no ‚ in font cmr12!
Missing character: There is no ‚ in font cmr12!
Missing character: There is no ‚ in font cmr12!
Missing character: There is no ‚ in font cmr12!
Missing character: There is no ‚ in font cmr12!
Missing character: There is no ‚ in font cmr12!
Missing character: There is no ‚ in font cmr12!
Missing character: There is no ‚ in font cmr12!
Missing character: There is no ‚ in font cmr12!
Missing character: There is no ‚ in font cmr12!
Missing character: There is no ‚ in font cmr12!
Missing character: There is no ‚ in font cmr12!
Missing character: There is no ‚ in font cmr12!
Missing character: There is no ‚ in font cmr12!
Missing character: There is no ‚ in font cmr12!
Missing character: There is no ‚ in font cmr12!
Missing character: There is no ‚ in font cmr12!
Missing character: There is no ‚ in font cmr12!

Overfull \hbox (337.46999pt too wide) in paragraph at lines 30--67
\T1/cmr/m/n/12 Cuando comen-zamos a hablar so-bre el dise√$\OMS/cmsy/m/n/12 ^^F
\OML/cmm/m/it/12 osurgieronvariasideas; apesardelasvariadasideas; lasbuenasopci
onesparaunbuendise \OMS/cmsy/m/n/12 ^^F
 []


Overfull \hbox (13215.42688pt too wide) in paragraph at lines 30--67
\OML/cmm/m/it/12 oorientadoaobjetoseranpocas:Paracomenzarsedecidiohacerunajerar
quiaparalosmonstruosylosjugadores; estasdosclasesheredandeCharacter\OT1/cmr/m/n
/12 ; \OML/cmm/m/it/12 lacualesunaclaseabstracta:Lajustificacionaestajerarquiae
squemonstruoyplayertienencomportamientosparecidosymuchasvariablesencomun; peron
osonlomismoyaqueelplayerpuederealizaralgunascosasmasqueunmonstruo:Secreolainter
fasePutableloquenospermitetrataratodaslascosasquepuedenponerseenuntablerodelami
smamanera:Porcuestionesdeimplementacionsecreotambi[]nlaclaseabstractaCelllacual
tieneunavariabledeinstanciaisVisibleylosgettersysettersdelamisma:Estofacilitola
opciondeljuegodeestartodoescondidohastaqueeljugadorlodescubre:Aestaclaselahered
antodoslasclasesquepuedenserinsertadas:AclaroquehiceextenderaCharacterdeCellyno
almismoMonster; porqueexistelaposibilidaddeenunfuturoenvesdesoloponermonstruose
scondidostambienponerjugadoresescondidos:Laotraopcioneraimplementardirectamente
losmetodosenlaclaseMonster; peropareciomejorlaideadequeunCharacterpuedaservisib
leono:Serealizounparseoconunagranorientacionaobjetos; locualpermitioutilizaresa
clasepararealizarlacargadeunjuegoluegodeserguardado:Nohaymuchoqueacotaraestaimp
lementacion; haypartesimperativas; nohayformadeevitarlo; peroserealizodeunaform
aordenada:ElfrontsebasaenlosmetodosdelDungeonGameListener; locualessonimplement
adosenDungeonGameFrameenunaclaseinnerprivadaDungeonGameListenerImp:DungeonGameF
rameheredadeGrameFrame; unaclaseabstractaquepodriautilizarseparacrearelframeded
istintosjuegos:DungeonGameFramecontieneunainstanciadeunDataPanelyunadeDungeonPa
nel:SoloelDungeonPanelheredadelaclaseGamePanelotorgadaporlacatedra:Laopciondepa
sarelmouseporencimadeuncharacterenestadovisibleyqueaparescaenelDataPanelcomplic
ounpocolascosas:SecreounaclaseinneraDungeonGameFramellamadaDungeonPanelListener
; enlacualseaplicanloseventosalasdiferentesposiscionesdelmouse:Estajerarquiaade
masdesermuylogicafavorecemucholaimplementacion; yaquesereutilizamuchocodigoysim
plificalacreaciondelapartegraficaconJavaSwing:Eltopicodeguardadoycarguedelunjue
goalprincipiopareciaquedebiaserunacualidaddeljuego; eljuegosabeguardarseycargar
se; peroluegodescubrimosquesinoeraunacualidaddeljuegopodriamodularizarseparagua
rdarsecomocadaunoquisierasintenerquemodificarlaclasejuegosinocreandounapropiacl
aseparaelguardadodeljuego:Locualnosguioacrearunainterfaseeimplementarnuestrapro
piaclasequelaimplementara:$ 
 []

[2] (./InformeTPE.aux) ) 
Here is how much of TeX's memory you used:
 2986 strings out of 495061
 40595 string characters out of 1182622
 107898 words of memory out of 3000000
 6164 multiletter control sequences out of 15000+50000
 15325 words of font info for 42 fonts, out of 3000000 for 9000
 28 hyphenation exceptions out of 8191
 26i,11n,43p,208b,219s stack positions out of 5000i,500n,10000p,200000b,50000s
 </home/tomas/.texmf-var/fonts/pk/ljfour/jknappen/ec/ec
bx1440.600pk> </home/tomas/.texmf-var/fonts/pk/ljfour/jknappen/ec/ecrm1000.600p
k> </home/tomas/.texmf-var/fonts/pk/ljfour/jknappen/ec/ecti1200.600pk> </home/t
omas/.texmf-var/fonts/pk/ljfour/jknappen/ec/ecrm1200.600pk> </home/tomas/.texmf
-var/fonts/pk/ljfour/jknappen/ec/ecrm2488.600pk></usr/share/texmf-texlive/fonts
/type1/public/amsfonts/cm/cmmi12.pfb></usr/share/texmf-texlive/fonts/type1/publ
ic/amsfonts/cm/cmr10.pfb></usr/share/texmf-texlive/fonts/type1/public/amsfonts/
cm/cmr12.pfb></usr/share/texmf-texlive/fonts/type1/public/amsfonts/cm/cmr17.pfb
></usr/share/texmf-texlive/fonts/type1/public/amsfonts/cm/cmsy10.pfb>
Output written on InformeTPE.pdf (2 pages, 92598 bytes).
PDF statistics:
 151 PDF objects out of 1000 (max. 8388607)
 0 named destinations out of 1000 (max. 500000)
 1 words of extra memory for PDF output out of 10000 (max. 10000000)

